Analysis & Synthesis report for part3
Sun Mar 26 18:42:13 2023
Quartus Prime Version 18.0.0 Build 614 04/24/2018 SJ Lite Edition


---------------------
; Table of Contents ;
---------------------
  1. Legal Notice
  2. Analysis & Synthesis Summary
  3. Analysis & Synthesis Settings
  4. Parallel Compilation
  5. Analysis & Synthesis Source Files Read
  6. Analysis & Synthesis Resource Usage Summary
  7. Analysis & Synthesis Resource Utilization by Entity
  8. State Machine - |part3|proc:U3|Tstep_Q
  9. Registers Removed During Synthesis
 10. Removed Registers Triggering Further Register Optimizations
 11. General Register Statistics
 12. Multiplexer Restructuring Statistics (Restructuring Performed)
 13. Source assignments for inst_mem:U4|altsyncram:altsyncram_component|altsyncram_rgj1:auto_generated
 14. Parameter Settings for User Entity Instance: proc:U3
 15. Parameter Settings for User Entity Instance: proc:U3|regn:reg_0
 16. Parameter Settings for User Entity Instance: proc:U3|regn:reg_1
 17. Parameter Settings for User Entity Instance: proc:U3|regn:reg_2
 18. Parameter Settings for User Entity Instance: proc:U3|regn:reg_3
 19. Parameter Settings for User Entity Instance: proc:U3|regn:reg_4
 20. Parameter Settings for User Entity Instance: proc:U3|regn:reg_5
 21. Parameter Settings for User Entity Instance: proc:U3|regn:reg_6
 22. Parameter Settings for User Entity Instance: proc:U3|regn:reg_A
 23. Parameter Settings for User Entity Instance: proc:U3|regn:reg_DOUT
 24. Parameter Settings for User Entity Instance: proc:U3|regn:reg_ADDR
 25. Parameter Settings for User Entity Instance: proc:U3|regn:reg_IR
 26. Parameter Settings for User Entity Instance: proc:U3|regn:reg_G
 27. Parameter Settings for User Entity Instance: inst_mem:U4|altsyncram:altsyncram_component
 28. Parameter Settings for User Entity Instance: regn:U5
 29. Parameter Settings for User Entity Instance: regn:U7
 30. altsyncram Parameter Settings by Entity Instance
 31. Port Connectivity Checks: "regn:U7"
 32. Port Connectivity Checks: "proc:U3|regn:reg_G"
 33. Port Connectivity Checks: "proc:U3|flipflop:reg_W"
 34. Port Connectivity Checks: "proc:U3|regn:reg_DOUT"
 35. Port Connectivity Checks: "proc:U3|regn:reg_A"
 36. Port Connectivity Checks: "proc:U3"
 37. Post-Synthesis Netlist Statistics for Top Partition
 38. Elapsed Time Per Partition
 39. Analysis & Synthesis Messages
 40. Analysis & Synthesis Suppressed Messages



----------------
; Legal Notice ;
----------------
Copyright (C) 2018  Intel Corporation. All rights reserved.
Your use of Intel Corporation's design tools, logic functions 
and other software and tools, and its AMPP partner logic 
functions, and any output files from any of the foregoing 
(including device programming or simulation files), and any 
associated documentation or information are expressly subject 
to the terms and conditions of the Intel Program License 
Subscription Agreement, the Intel Quartus Prime License Agreement,
the Intel FPGA IP License Agreement, or other applicable license
agreement, including, without limitation, that your use is for
the sole purpose of programming logic devices manufactured by
Intel and sold by Intel or its authorized distributors.  Please
refer to the applicable agreement for further details.



+-------------------------------------------------------------------------------+
; Analysis & Synthesis Summary                                                  ;
+---------------------------------+---------------------------------------------+
; Analysis & Synthesis Status     ; Successful - Sun Mar 26 18:42:13 2023       ;
; Quartus Prime Version           ; 18.0.0 Build 614 04/24/2018 SJ Lite Edition ;
; Revision Name                   ; part3                                       ;
; Top-level Entity Name           ; part3                                       ;
; Family                          ; Cyclone V                                   ;
; Logic utilization (in ALMs)     ; N/A                                         ;
; Total registers                 ; 2                                           ;
; Total pins                      ; 22                                          ;
; Total virtual pins              ; 0                                           ;
; Total block memory bits         ; 0                                           ;
; Total DSP Blocks                ; 0                                           ;
; Total HSSI RX PCSs              ; 0                                           ;
; Total HSSI PMA RX Deserializers ; 0                                           ;
; Total HSSI TX PCSs              ; 0                                           ;
; Total HSSI PMA TX Serializers   ; 0                                           ;
; Total PLLs                      ; 0                                           ;
; Total DLLs                      ; 0                                           ;
+---------------------------------+---------------------------------------------+


+---------------------------------------------------------------------------------------------------------------------------+
; Analysis & Synthesis Settings                                                                                             ;
+---------------------------------------------------------------------------------+--------------------+--------------------+
; Option                                                                          ; Setting            ; Default Value      ;
+---------------------------------------------------------------------------------+--------------------+--------------------+
; Device                                                                          ; 5CSEMA5F31C6       ;                    ;
; Top-level entity name                                                           ; part3              ; part3              ;
; Family name                                                                     ; Cyclone V          ; Cyclone V          ;
; Use smart compilation                                                           ; Off                ; Off                ;
; Enable parallel Assembler and Timing Analyzer during compilation                ; On                 ; On                 ;
; Enable compact report table                                                     ; Off                ; Off                ;
; Restructure Multiplexers                                                        ; Auto               ; Auto               ;
; MLAB Add Timing Constraints For Mixed-Port Feed-Through Mode Setting Don't Care ; Off                ; Off                ;
; Create Debugging Nodes for IP Cores                                             ; Off                ; Off                ;
; Preserve fewer node names                                                       ; On                 ; On                 ;
; Intel FPGA IP Evaluation Mode                                                   ; Enable             ; Enable             ;
; Verilog Version                                                                 ; Verilog_2001       ; Verilog_2001       ;
; VHDL Version                                                                    ; VHDL_1993          ; VHDL_1993          ;
; State Machine Processing                                                        ; Auto               ; Auto               ;
; Safe State Machine                                                              ; Off                ; Off                ;
; Extract Verilog State Machines                                                  ; On                 ; On                 ;
; Extract VHDL State Machines                                                     ; On                 ; On                 ;
; Ignore Verilog initial constructs                                               ; Off                ; Off                ;
; Iteration limit for constant Verilog loops                                      ; 5000               ; 5000               ;
; Iteration limit for non-constant Verilog loops                                  ; 250                ; 250                ;
; Add Pass-Through Logic to Inferred RAMs                                         ; On                 ; On                 ;
; Infer RAMs from Raw Logic                                                       ; On                 ; On                 ;
; Parallel Synthesis                                                              ; On                 ; On                 ;
; DSP Block Balancing                                                             ; Auto               ; Auto               ;
; NOT Gate Push-Back                                                              ; On                 ; On                 ;
; Power-Up Don't Care                                                             ; On                 ; On                 ;
; Remove Redundant Logic Cells                                                    ; Off                ; Off                ;
; Remove Duplicate Registers                                                      ; On                 ; On                 ;
; Ignore CARRY Buffers                                                            ; Off                ; Off                ;
; Ignore CASCADE Buffers                                                          ; Off                ; Off                ;
; Ignore GLOBAL Buffers                                                           ; Off                ; Off                ;
; Ignore ROW GLOBAL Buffers                                                       ; Off                ; Off                ;
; Ignore LCELL Buffers                                                            ; Off                ; Off                ;
; Ignore SOFT Buffers                                                             ; On                 ; On                 ;
; Limit AHDL Integers to 32 Bits                                                  ; Off                ; Off                ;
; Optimization Technique                                                          ; Balanced           ; Balanced           ;
; Carry Chain Length                                                              ; 70                 ; 70                 ;
; Auto Carry Chains                                                               ; On                 ; On                 ;
; Auto Open-Drain Pins                                                            ; On                 ; On                 ;
; Perform WYSIWYG Primitive Resynthesis                                           ; Off                ; Off                ;
; Auto ROM Replacement                                                            ; On                 ; On                 ;
; Auto RAM Replacement                                                            ; On                 ; On                 ;
; Auto DSP Block Replacement                                                      ; On                 ; On                 ;
; Auto Shift Register Replacement                                                 ; Auto               ; Auto               ;
; Allow Shift Register Merging across Hierarchies                                 ; Auto               ; Auto               ;
; Auto Clock Enable Replacement                                                   ; On                 ; On                 ;
; Strict RAM Replacement                                                          ; Off                ; Off                ;
; Allow Synchronous Control Signals                                               ; On                 ; On                 ;
; Force Use of Synchronous Clear Signals                                          ; Off                ; Off                ;
; Auto Resource Sharing                                                           ; Off                ; Off                ;
; Allow Any RAM Size For Recognition                                              ; Off                ; Off                ;
; Allow Any ROM Size For Recognition                                              ; Off                ; Off                ;
; Allow Any Shift Register Size For Recognition                                   ; Off                ; Off                ;
; Use LogicLock Constraints during Resource Balancing                             ; On                 ; On                 ;
; Ignore translate_off and synthesis_off directives                               ; Off                ; Off                ;
; Timing-Driven Synthesis                                                         ; On                 ; On                 ;
; Report Parameter Settings                                                       ; On                 ; On                 ;
; Report Source Assignments                                                       ; On                 ; On                 ;
; Report Connectivity Checks                                                      ; On                 ; On                 ;
; Ignore Maximum Fan-Out Assignments                                              ; Off                ; Off                ;
; Synchronization Register Chain Length                                           ; 3                  ; 3                  ;
; Power Optimization During Synthesis                                             ; Normal compilation ; Normal compilation ;
; HDL message level                                                               ; Level2             ; Level2             ;
; Suppress Register Optimization Related Messages                                 ; Off                ; Off                ;
; Number of Removed Registers Reported in Synthesis Report                        ; 5000               ; 5000               ;
; Number of Swept Nodes Reported in Synthesis Report                              ; 5000               ; 5000               ;
; Number of Inverted Registers Reported in Synthesis Report                       ; 100                ; 100                ;
; Clock MUX Protection                                                            ; On                 ; On                 ;
; Auto Gated Clock Conversion                                                     ; Off                ; Off                ;
; Block Design Naming                                                             ; Auto               ; Auto               ;
; SDC constraint protection                                                       ; Off                ; Off                ;
; Synthesis Effort                                                                ; Auto               ; Auto               ;
; Shift Register Replacement - Allow Asynchronous Clear Signal                    ; On                 ; On                 ;
; Pre-Mapping Resynthesis Optimization                                            ; Off                ; Off                ;
; Analysis & Synthesis Message Level                                              ; Medium             ; Medium             ;
; Disable Register Merging Across Hierarchies                                     ; Auto               ; Auto               ;
; Resource Aware Inference For Block RAM                                          ; On                 ; On                 ;
; Automatic Parallel Synthesis                                                    ; On                 ; On                 ;
; Partial Reconfiguration Bitstream ID                                            ; Off                ; Off                ;
+---------------------------------------------------------------------------------+--------------------+--------------------+


+------------------------------------------+
; Parallel Compilation                     ;
+----------------------------+-------------+
; Processors                 ; Number      ;
+----------------------------+-------------+
; Number detected on machine ; 8           ;
; Maximum allowed            ; 4           ;
;                            ;             ;
; Average used               ; 1.00        ;
; Maximum used               ; 1           ;
;                            ;             ;
; Usage by Processor         ; % Time Used ;
;     Processor 1            ; 100.0%      ;
+----------------------------+-------------+


+---------------------------------------------------------------------------------------------------------------------------------------------------------------------------------------------------+
; Analysis & Synthesis Source Files Read                                                                                                                                                            ;
+----------------------------------+-----------------+----------------------------------------+-------------------------------------------------------------------------------------------+---------+
; File Name with User-Entered Path ; Used in Netlist ; File Type                              ; File Name with Absolute Path                                                              ; Library ;
+----------------------------------+-----------------+----------------------------------------+-------------------------------------------------------------------------------------------+---------+
; part3.v                          ; yes             ; User Verilog HDL File                  ; C:/Users/yuans/Desktop/ECE243/lab8/lab8/Design_Files/part3.Verilog/part3.v                ;         ;
; flipflop.v                       ; yes             ; User Verilog HDL File                  ; C:/Users/yuans/Desktop/ECE243/lab8/lab8/Design_Files/part3.Verilog/flipflop.v             ;         ;
; proc.v                           ; yes             ; User Verilog HDL File                  ; C:/Users/yuans/Desktop/ECE243/lab8/lab8/Design_Files/part3.Verilog/proc.v                 ;         ;
; inst_mem.v                       ; yes             ; User Wizard-Generated File             ; C:/Users/yuans/Desktop/ECE243/lab8/lab8/Design_Files/part3.Verilog/inst_mem.v             ;         ;
; altsyncram.tdf                   ; yes             ; Megafunction                           ; c:/intelfpga_lite/18.0/quartus/libraries/megafunctions/altsyncram.tdf                     ;         ;
; stratix_ram_block.inc            ; yes             ; Megafunction                           ; c:/intelfpga_lite/18.0/quartus/libraries/megafunctions/stratix_ram_block.inc              ;         ;
; lpm_mux.inc                      ; yes             ; Megafunction                           ; c:/intelfpga_lite/18.0/quartus/libraries/megafunctions/lpm_mux.inc                        ;         ;
; lpm_decode.inc                   ; yes             ; Megafunction                           ; c:/intelfpga_lite/18.0/quartus/libraries/megafunctions/lpm_decode.inc                     ;         ;
; aglobal180.inc                   ; yes             ; Megafunction                           ; c:/intelfpga_lite/18.0/quartus/libraries/megafunctions/aglobal180.inc                     ;         ;
; a_rdenreg.inc                    ; yes             ; Megafunction                           ; c:/intelfpga_lite/18.0/quartus/libraries/megafunctions/a_rdenreg.inc                      ;         ;
; altrom.inc                       ; yes             ; Megafunction                           ; c:/intelfpga_lite/18.0/quartus/libraries/megafunctions/altrom.inc                         ;         ;
; altram.inc                       ; yes             ; Megafunction                           ; c:/intelfpga_lite/18.0/quartus/libraries/megafunctions/altram.inc                         ;         ;
; altdpram.inc                     ; yes             ; Megafunction                           ; c:/intelfpga_lite/18.0/quartus/libraries/megafunctions/altdpram.inc                       ;         ;
; db/altsyncram_rgj1.tdf           ; yes             ; Auto-Generated Megafunction            ; C:/Users/yuans/Desktop/ECE243/lab8/lab8/Design_Files/part3.Verilog/db/altsyncram_rgj1.tdf ;         ;
; inst_mem.mif                     ; yes             ; Auto-Found Memory Initialization File  ; C:/Users/yuans/Desktop/ECE243/lab8/lab8/Design_Files/part3.Verilog/inst_mem.mif           ;         ;
+----------------------------------+-----------------+----------------------------------------+-------------------------------------------------------------------------------------------+---------+


+--------------------------------------------------------------+
; Analysis & Synthesis Resource Usage Summary                  ;
+---------------------------------------------+----------------+
; Resource                                    ; Usage          ;
+---------------------------------------------+----------------+
; Estimate of Logic utilization (ALMs needed) ; 1              ;
;                                             ;                ;
; Combinational ALUT usage for logic          ; 0              ;
;     -- 7 input functions                    ; 0              ;
;     -- 6 input functions                    ; 0              ;
;     -- 5 input functions                    ; 0              ;
;     -- 4 input functions                    ; 0              ;
;     -- <=3 input functions                  ; 0              ;
;                                             ;                ;
; Dedicated logic registers                   ; 2              ;
;                                             ;                ;
; I/O pins                                    ; 22             ;
;                                             ;                ;
; Total DSP Blocks                            ; 0              ;
;                                             ;                ;
; Maximum fan-out node                        ; CLOCK_50~input ;
; Maximum fan-out                             ; 2              ;
; Total fan-out                               ; 29             ;
; Average fan-out                             ; 0.63           ;
+---------------------------------------------+----------------+


+----------------------------------------------------------------------------------------------------------------------------------------------------------------------------------------+
; Analysis & Synthesis Resource Utilization by Entity                                                                                                                                    ;
+----------------------------+---------------------+---------------------------+-------------------+------------+------+--------------+---------------------+-------------+--------------+
; Compilation Hierarchy Node ; Combinational ALUTs ; Dedicated Logic Registers ; Block Memory Bits ; DSP Blocks ; Pins ; Virtual Pins ; Full Hierarchy Name ; Entity Name ; Library Name ;
+----------------------------+---------------------+---------------------------+-------------------+------------+------+--------------+---------------------+-------------+--------------+
; |part3                     ; 0 (0)               ; 2 (0)                     ; 0                 ; 0          ; 22   ; 0            ; |part3              ; part3       ; work         ;
;    |flipflop:U1|           ; 0 (0)               ; 1 (1)                     ; 0                 ; 0          ; 0    ; 0            ; |part3|flipflop:U1  ; flipflop    ; work         ;
;    |flipflop:U2|           ; 0 (0)               ; 1 (1)                     ; 0                 ; 0          ; 0    ; 0            ; |part3|flipflop:U2  ; flipflop    ; work         ;
+----------------------------+---------------------+---------------------------+-------------------+------------+------+--------------+---------------------+-------------+--------------+
Note: For table entries with two numbers listed, the numbers in parentheses indicate the number of resources of the given type used by the specific entity alone. The numbers listed outside of parentheses indicate the total resources of the given type used by the specific entity and all of its sub-entities in the hierarchy.


Encoding Type:  One-Hot
+------------------------------------------------------------------------------------------+
; State Machine - |part3|proc:U3|Tstep_Q                                                   ;
+------------+------------+------------+------------+------------+------------+------------+
; Name       ; Tstep_Q.T5 ; Tstep_Q.T4 ; Tstep_Q.T3 ; Tstep_Q.T2 ; Tstep_Q.T1 ; Tstep_Q.T0 ;
+------------+------------+------------+------------+------------+------------+------------+
; Tstep_Q.T0 ; 0          ; 0          ; 0          ; 0          ; 0          ; 0          ;
; Tstep_Q.T1 ; 0          ; 0          ; 0          ; 0          ; 1          ; 1          ;
; Tstep_Q.T2 ; 0          ; 0          ; 0          ; 1          ; 0          ; 1          ;
; Tstep_Q.T3 ; 0          ; 0          ; 1          ; 0          ; 0          ; 1          ;
; Tstep_Q.T4 ; 0          ; 1          ; 0          ; 0          ; 0          ; 1          ;
; Tstep_Q.T5 ; 1          ; 0          ; 0          ; 0          ; 0          ; 1          ;
+------------+------------+------------+------------+------------+------------+------------+


+----------------------------------------------------------------------------------+
; Registers Removed During Synthesis                                               ;
+-----------------------------------------+----------------------------------------+
; Register name                           ; Reason for Removal                     ;
+-----------------------------------------+----------------------------------------+
; proc:U3|flipflop:reg_W|Q                ; Stuck at GND due to stuck port data_in ;
; proc:U3|regn:reg_A|Q[0..15]             ; Lost fanout                            ;
; regn:U5|Q[0..8]                         ; Stuck at GND due to stuck port data_in ;
; proc:U3|regn:reg_G|Q[0..15]             ; Stuck at GND due to stuck port data_in ;
; proc:U3|regn:reg_DOUT|Q[0..15]          ; Stuck at GND due to stuck port data_in ;
; proc:U3|Tstep_Q~2                       ; Lost fanout                            ;
; proc:U3|Tstep_Q~3                       ; Lost fanout                            ;
; proc:U3|Tstep_Q~4                       ; Lost fanout                            ;
; proc:U3|regn:reg_IR|Q[13..15]           ; Lost fanout                            ;
; proc:U3|regn:reg_ADDR|Q[0..7,12..15]    ; Lost fanout                            ;
; proc:U3|regn:reg_IR|Q[0..2,12]          ; Lost fanout                            ;
; proc:U3|regn:reg_0|Q[12]                ; Lost fanout                            ;
; proc:U3|regn:reg_1|Q[12]                ; Lost fanout                            ;
; proc:U3|regn:reg_2|Q[12]                ; Lost fanout                            ;
; proc:U3|regn:reg_3|Q[12]                ; Lost fanout                            ;
; proc:U3|regn:reg_IR|Q[8]                ; Lost fanout                            ;
; proc:U3|regn:reg_4|Q[12]                ; Lost fanout                            ;
; proc:U3|regn:reg_5|Q[12]                ; Lost fanout                            ;
; proc:U3|regn:reg_6|Q[12]                ; Lost fanout                            ;
; proc:U3|pc_count:reg_pc|Q[12]           ; Lost fanout                            ;
; proc:U3|regn:reg_0|Q[13]                ; Lost fanout                            ;
; proc:U3|regn:reg_1|Q[13]                ; Lost fanout                            ;
; proc:U3|regn:reg_2|Q[13]                ; Lost fanout                            ;
; proc:U3|regn:reg_3|Q[13]                ; Lost fanout                            ;
; proc:U3|regn:reg_4|Q[13]                ; Lost fanout                            ;
; proc:U3|regn:reg_5|Q[13]                ; Lost fanout                            ;
; proc:U3|regn:reg_6|Q[13]                ; Lost fanout                            ;
; proc:U3|pc_count:reg_pc|Q[13]           ; Lost fanout                            ;
; proc:U3|regn:reg_0|Q[14]                ; Lost fanout                            ;
; proc:U3|regn:reg_1|Q[14]                ; Lost fanout                            ;
; proc:U3|regn:reg_2|Q[14]                ; Lost fanout                            ;
; proc:U3|regn:reg_3|Q[14]                ; Lost fanout                            ;
; proc:U3|regn:reg_4|Q[14]                ; Lost fanout                            ;
; proc:U3|regn:reg_5|Q[14]                ; Lost fanout                            ;
; proc:U3|regn:reg_6|Q[14]                ; Lost fanout                            ;
; proc:U3|pc_count:reg_pc|Q[14]           ; Lost fanout                            ;
; proc:U3|regn:reg_0|Q[15]                ; Lost fanout                            ;
; proc:U3|regn:reg_1|Q[15]                ; Lost fanout                            ;
; proc:U3|regn:reg_2|Q[15]                ; Lost fanout                            ;
; proc:U3|regn:reg_3|Q[15]                ; Lost fanout                            ;
; proc:U3|regn:reg_4|Q[15]                ; Lost fanout                            ;
; proc:U3|regn:reg_5|Q[15]                ; Lost fanout                            ;
; proc:U3|regn:reg_6|Q[15]                ; Lost fanout                            ;
; proc:U3|pc_count:reg_pc|Q[15]           ; Lost fanout                            ;
; proc:U3|regn:reg_4|Q[0]                 ; Lost fanout                            ;
; proc:U3|regn:reg_5|Q[0]                 ; Lost fanout                            ;
; proc:U3|regn:reg_6|Q[0]                 ; Lost fanout                            ;
; proc:U3|pc_count:reg_pc|Q[0]            ; Lost fanout                            ;
; proc:U3|regn:reg_0|Q[0]                 ; Lost fanout                            ;
; proc:U3|regn:reg_1|Q[0]                 ; Lost fanout                            ;
; proc:U3|regn:reg_2|Q[0]                 ; Lost fanout                            ;
; proc:U3|regn:reg_3|Q[0]                 ; Lost fanout                            ;
; proc:U3|regn:reg_4|Q[1]                 ; Lost fanout                            ;
; proc:U3|regn:reg_5|Q[1]                 ; Lost fanout                            ;
; proc:U3|regn:reg_6|Q[1]                 ; Lost fanout                            ;
; proc:U3|pc_count:reg_pc|Q[1]            ; Lost fanout                            ;
; proc:U3|regn:reg_0|Q[1]                 ; Lost fanout                            ;
; proc:U3|regn:reg_1|Q[1]                 ; Lost fanout                            ;
; proc:U3|regn:reg_2|Q[1]                 ; Lost fanout                            ;
; proc:U3|regn:reg_3|Q[1]                 ; Lost fanout                            ;
; proc:U3|regn:reg_4|Q[2]                 ; Lost fanout                            ;
; proc:U3|regn:reg_5|Q[2]                 ; Lost fanout                            ;
; proc:U3|regn:reg_6|Q[2]                 ; Lost fanout                            ;
; proc:U3|pc_count:reg_pc|Q[2]            ; Lost fanout                            ;
; proc:U3|regn:reg_0|Q[2]                 ; Lost fanout                            ;
; proc:U3|regn:reg_1|Q[2]                 ; Lost fanout                            ;
; proc:U3|regn:reg_2|Q[2]                 ; Lost fanout                            ;
; proc:U3|regn:reg_3|Q[2]                 ; Lost fanout                            ;
; proc:U3|regn:reg_4|Q[3]                 ; Lost fanout                            ;
; proc:U3|regn:reg_5|Q[3]                 ; Lost fanout                            ;
; proc:U3|regn:reg_6|Q[3]                 ; Lost fanout                            ;
; proc:U3|pc_count:reg_pc|Q[3]            ; Lost fanout                            ;
; proc:U3|regn:reg_IR|Q[3]                ; Lost fanout                            ;
; proc:U3|regn:reg_0|Q[3]                 ; Lost fanout                            ;
; proc:U3|regn:reg_1|Q[3]                 ; Lost fanout                            ;
; proc:U3|regn:reg_2|Q[3]                 ; Lost fanout                            ;
; proc:U3|regn:reg_3|Q[3]                 ; Lost fanout                            ;
; proc:U3|regn:reg_4|Q[4]                 ; Lost fanout                            ;
; proc:U3|regn:reg_5|Q[4]                 ; Lost fanout                            ;
; proc:U3|regn:reg_6|Q[4]                 ; Lost fanout                            ;
; proc:U3|pc_count:reg_pc|Q[4]            ; Lost fanout                            ;
; proc:U3|regn:reg_IR|Q[4]                ; Lost fanout                            ;
; proc:U3|regn:reg_0|Q[4]                 ; Lost fanout                            ;
; proc:U3|regn:reg_1|Q[4]                 ; Lost fanout                            ;
; proc:U3|regn:reg_2|Q[4]                 ; Lost fanout                            ;
; proc:U3|regn:reg_3|Q[4]                 ; Lost fanout                            ;
; proc:U3|regn:reg_4|Q[5]                 ; Lost fanout                            ;
; proc:U3|regn:reg_5|Q[5]                 ; Lost fanout                            ;
; proc:U3|regn:reg_6|Q[5]                 ; Lost fanout                            ;
; proc:U3|pc_count:reg_pc|Q[5]            ; Lost fanout                            ;
; proc:U3|regn:reg_IR|Q[5]                ; Lost fanout                            ;
; proc:U3|regn:reg_0|Q[5]                 ; Lost fanout                            ;
; proc:U3|regn:reg_1|Q[5]                 ; Lost fanout                            ;
; proc:U3|regn:reg_2|Q[5]                 ; Lost fanout                            ;
; proc:U3|regn:reg_3|Q[5]                 ; Lost fanout                            ;
; proc:U3|regn:reg_4|Q[6]                 ; Lost fanout                            ;
; proc:U3|regn:reg_5|Q[6]                 ; Lost fanout                            ;
; proc:U3|regn:reg_6|Q[6]                 ; Lost fanout                            ;
; proc:U3|pc_count:reg_pc|Q[6]            ; Lost fanout                            ;
; proc:U3|regn:reg_IR|Q[6]                ; Lost fanout                            ;
; proc:U3|regn:reg_0|Q[6]                 ; Lost fanout                            ;
; proc:U3|regn:reg_1|Q[6]                 ; Lost fanout                            ;
; proc:U3|regn:reg_2|Q[6]                 ; Lost fanout                            ;
; proc:U3|regn:reg_3|Q[6]                 ; Lost fanout                            ;
; proc:U3|regn:reg_4|Q[7]                 ; Lost fanout                            ;
; proc:U3|regn:reg_5|Q[7]                 ; Lost fanout                            ;
; proc:U3|regn:reg_6|Q[7]                 ; Lost fanout                            ;
; proc:U3|pc_count:reg_pc|Q[7]            ; Lost fanout                            ;
; proc:U3|regn:reg_IR|Q[7]                ; Lost fanout                            ;
; proc:U3|regn:reg_0|Q[7]                 ; Lost fanout                            ;
; proc:U3|regn:reg_1|Q[7]                 ; Lost fanout                            ;
; proc:U3|regn:reg_2|Q[7]                 ; Lost fanout                            ;
; proc:U3|regn:reg_3|Q[7]                 ; Lost fanout                            ;
; regn:U7|Q[0..2]                         ; Lost fanout                            ;
; proc:U3|regn:reg_IR|Q[9..11]            ; Lost fanout                            ;
; regn:U7|Q[8]                            ; Lost fanout                            ;
; proc:U3|pc_count:reg_pc|Q[8..11]        ; Lost fanout                            ;
; regn:U7|Q[3..7]                         ; Lost fanout                            ;
; proc:U3|regn:reg_0|Q[11]                ; Lost fanout                            ;
; proc:U3|regn:reg_1|Q[11]                ; Lost fanout                            ;
; proc:U3|regn:reg_2|Q[11]                ; Lost fanout                            ;
; proc:U3|regn:reg_3|Q[11]                ; Lost fanout                            ;
; proc:U3|regn:reg_4|Q[11]                ; Lost fanout                            ;
; proc:U3|regn:reg_5|Q[11]                ; Lost fanout                            ;
; proc:U3|regn:reg_6|Q[11]                ; Lost fanout                            ;
; proc:U3|regn:reg_0|Q[10]                ; Lost fanout                            ;
; proc:U3|regn:reg_1|Q[10]                ; Lost fanout                            ;
; proc:U3|regn:reg_2|Q[10]                ; Lost fanout                            ;
; proc:U3|regn:reg_3|Q[10]                ; Lost fanout                            ;
; proc:U3|regn:reg_4|Q[10]                ; Lost fanout                            ;
; proc:U3|regn:reg_5|Q[10]                ; Lost fanout                            ;
; proc:U3|regn:reg_6|Q[10]                ; Lost fanout                            ;
; proc:U3|regn:reg_0|Q[9]                 ; Lost fanout                            ;
; proc:U3|regn:reg_1|Q[9]                 ; Lost fanout                            ;
; proc:U3|regn:reg_2|Q[9]                 ; Lost fanout                            ;
; proc:U3|regn:reg_3|Q[9]                 ; Lost fanout                            ;
; proc:U3|regn:reg_4|Q[9]                 ; Lost fanout                            ;
; proc:U3|regn:reg_5|Q[9]                 ; Lost fanout                            ;
; proc:U3|regn:reg_6|Q[9]                 ; Lost fanout                            ;
; proc:U3|regn:reg_0|Q[8]                 ; Lost fanout                            ;
; proc:U3|regn:reg_1|Q[8]                 ; Lost fanout                            ;
; proc:U3|regn:reg_2|Q[8]                 ; Lost fanout                            ;
; proc:U3|regn:reg_3|Q[8]                 ; Lost fanout                            ;
; proc:U3|regn:reg_4|Q[8]                 ; Lost fanout                            ;
; proc:U3|regn:reg_5|Q[8]                 ; Lost fanout                            ;
; proc:U3|regn:reg_6|Q[8]                 ; Lost fanout                            ;
; proc:U3|Tstep_Q.T0                      ; Lost fanout                            ;
; proc:U3|Tstep_Q.T1                      ; Lost fanout                            ;
; proc:U3|Tstep_Q.T2                      ; Lost fanout                            ;
; proc:U3|Tstep_Q.T3                      ; Lost fanout                            ;
; proc:U3|Tstep_Q.T4                      ; Lost fanout                            ;
; proc:U3|Tstep_Q.T5                      ; Lost fanout                            ;
; Total Number of Removed Registers = 232 ;                                        ;
+-----------------------------------------+----------------------------------------+


+---------------------------------------------------------------------------------------------------------------------------------------------------+
; Removed Registers Triggering Further Register Optimizations                                                                                       ;
+-------------------------------+---------------------------+---------------------------------------------------------------------------------------+
; Register name                 ; Reason for Removal        ; Registers Removed due to This Register                                                ;
+-------------------------------+---------------------------+---------------------------------------------------------------------------------------+
; proc:U3|flipflop:reg_W|Q      ; Stuck at GND              ; regn:U5|Q[0], regn:U5|Q[1], regn:U5|Q[2], regn:U5|Q[3], regn:U5|Q[4], regn:U5|Q[5],   ;
;                               ; due to stuck port data_in ; regn:U5|Q[6], regn:U5|Q[7], regn:U5|Q[8], proc:U3|regn:reg_DOUT|Q[0],                 ;
;                               ;                           ; proc:U3|regn:reg_DOUT|Q[1], proc:U3|regn:reg_DOUT|Q[2], proc:U3|regn:reg_DOUT|Q[3],   ;
;                               ;                           ; proc:U3|regn:reg_DOUT|Q[4], proc:U3|regn:reg_DOUT|Q[5], proc:U3|regn:reg_DOUT|Q[6],   ;
;                               ;                           ; proc:U3|regn:reg_DOUT|Q[7], proc:U3|regn:reg_DOUT|Q[8], proc:U3|regn:reg_DOUT|Q[9],   ;
;                               ;                           ; proc:U3|regn:reg_DOUT|Q[10], proc:U3|regn:reg_DOUT|Q[11],                             ;
;                               ;                           ; proc:U3|regn:reg_DOUT|Q[12], proc:U3|regn:reg_DOUT|Q[13],                             ;
;                               ;                           ; proc:U3|regn:reg_DOUT|Q[14], proc:U3|regn:reg_DOUT|Q[15],                             ;
;                               ;                           ; proc:U3|regn:reg_ADDR|Q[12], proc:U3|regn:reg_ADDR|Q[13],                             ;
;                               ;                           ; proc:U3|regn:reg_ADDR|Q[14], proc:U3|regn:reg_ADDR|Q[15], proc:U3|regn:reg_ADDR|Q[0], ;
;                               ;                           ; proc:U3|regn:reg_ADDR|Q[1], proc:U3|regn:reg_ADDR|Q[2], proc:U3|regn:reg_ADDR|Q[3],   ;
;                               ;                           ; proc:U3|regn:reg_ADDR|Q[4], proc:U3|regn:reg_IR|Q[2], proc:U3|regn:reg_IR|Q[0],       ;
;                               ;                           ; proc:U3|regn:reg_IR|Q[1], proc:U3|regn:reg_0|Q[12], proc:U3|regn:reg_1|Q[12],         ;
;                               ;                           ; proc:U3|regn:reg_2|Q[12], proc:U3|regn:reg_3|Q[12], proc:U3|regn:reg_IR|Q[8],         ;
;                               ;                           ; proc:U3|regn:reg_4|Q[12], proc:U3|regn:reg_5|Q[12], proc:U3|regn:reg_0|Q[13],         ;
;                               ;                           ; proc:U3|regn:reg_1|Q[13], proc:U3|regn:reg_2|Q[13], proc:U3|regn:reg_3|Q[13],         ;
;                               ;                           ; proc:U3|regn:reg_4|Q[13], proc:U3|regn:reg_5|Q[13], proc:U3|regn:reg_0|Q[14],         ;
;                               ;                           ; proc:U3|regn:reg_1|Q[14], proc:U3|regn:reg_2|Q[14], proc:U3|regn:reg_3|Q[14],         ;
;                               ;                           ; proc:U3|regn:reg_4|Q[14], proc:U3|regn:reg_5|Q[14], proc:U3|regn:reg_0|Q[15],         ;
;                               ;                           ; proc:U3|regn:reg_1|Q[15], proc:U3|regn:reg_2|Q[15], proc:U3|regn:reg_3|Q[15],         ;
;                               ;                           ; proc:U3|regn:reg_4|Q[15], proc:U3|regn:reg_5|Q[15], proc:U3|regn:reg_4|Q[0],          ;
;                               ;                           ; proc:U3|regn:reg_5|Q[0], proc:U3|regn:reg_6|Q[0], proc:U3|pc_count:reg_pc|Q[0],       ;
;                               ;                           ; proc:U3|regn:reg_0|Q[0], proc:U3|regn:reg_1|Q[0], proc:U3|regn:reg_2|Q[0],            ;
;                               ;                           ; proc:U3|regn:reg_3|Q[0], proc:U3|regn:reg_4|Q[1], proc:U3|regn:reg_5|Q[1],            ;
;                               ;                           ; proc:U3|regn:reg_6|Q[1], proc:U3|pc_count:reg_pc|Q[1], proc:U3|regn:reg_0|Q[1],       ;
;                               ;                           ; proc:U3|regn:reg_1|Q[1], proc:U3|regn:reg_2|Q[1], proc:U3|regn:reg_3|Q[1],            ;
;                               ;                           ; proc:U3|regn:reg_4|Q[2], proc:U3|regn:reg_5|Q[2], proc:U3|regn:reg_6|Q[2],            ;
;                               ;                           ; proc:U3|pc_count:reg_pc|Q[2], proc:U3|regn:reg_0|Q[2], proc:U3|regn:reg_1|Q[2],       ;
;                               ;                           ; proc:U3|regn:reg_2|Q[2], proc:U3|regn:reg_3|Q[2], proc:U3|regn:reg_4|Q[3],            ;
;                               ;                           ; proc:U3|regn:reg_5|Q[3], proc:U3|regn:reg_6|Q[3], proc:U3|pc_count:reg_pc|Q[3],       ;
;                               ;                           ; proc:U3|regn:reg_IR|Q[3], proc:U3|regn:reg_0|Q[3], proc:U3|regn:reg_1|Q[3],           ;
;                               ;                           ; proc:U3|regn:reg_2|Q[3], proc:U3|regn:reg_3|Q[3], proc:U3|regn:reg_4|Q[4],            ;
;                               ;                           ; proc:U3|regn:reg_5|Q[4], proc:U3|regn:reg_6|Q[4], proc:U3|pc_count:reg_pc|Q[4],       ;
;                               ;                           ; proc:U3|regn:reg_IR|Q[4], proc:U3|regn:reg_0|Q[4], proc:U3|regn:reg_1|Q[4],           ;
;                               ;                           ; proc:U3|regn:reg_2|Q[4], proc:U3|regn:reg_3|Q[4], regn:U7|Q[2], regn:U7|Q[0],         ;
;                               ;                           ; regn:U7|Q[1], proc:U3|regn:reg_IR|Q[11], regn:U7|Q[8], regn:U7|Q[3], regn:U7|Q[4],    ;
;                               ;                           ; regn:U7|Q[5], regn:U7|Q[6], regn:U7|Q[7], proc:U3|Tstep_Q.T0                          ;
; proc:U3|regn:reg_ADDR|Q[5]    ; Lost Fanouts              ; proc:U3|regn:reg_4|Q[5], proc:U3|regn:reg_5|Q[5], proc:U3|regn:reg_6|Q[5],            ;
;                               ;                           ; proc:U3|pc_count:reg_pc|Q[5], proc:U3|regn:reg_IR|Q[5], proc:U3|regn:reg_0|Q[5],      ;
;                               ;                           ; proc:U3|regn:reg_1|Q[5], proc:U3|regn:reg_2|Q[5], proc:U3|regn:reg_3|Q[5]             ;
; proc:U3|regn:reg_ADDR|Q[6]    ; Lost Fanouts              ; proc:U3|regn:reg_4|Q[6], proc:U3|regn:reg_5|Q[6], proc:U3|regn:reg_6|Q[6],            ;
;                               ;                           ; proc:U3|pc_count:reg_pc|Q[6], proc:U3|regn:reg_IR|Q[6], proc:U3|regn:reg_0|Q[6],      ;
;                               ;                           ; proc:U3|regn:reg_1|Q[6], proc:U3|regn:reg_2|Q[6], proc:U3|regn:reg_3|Q[6]             ;
; proc:U3|regn:reg_ADDR|Q[7]    ; Lost Fanouts              ; proc:U3|regn:reg_4|Q[7], proc:U3|regn:reg_5|Q[7], proc:U3|regn:reg_6|Q[7],            ;
;                               ;                           ; proc:U3|pc_count:reg_pc|Q[7], proc:U3|regn:reg_IR|Q[7], proc:U3|regn:reg_0|Q[7],      ;
;                               ;                           ; proc:U3|regn:reg_1|Q[7], proc:U3|regn:reg_2|Q[7], proc:U3|regn:reg_3|Q[7]             ;
; proc:U3|pc_count:reg_pc|Q[11] ; Lost Fanouts              ; proc:U3|regn:reg_0|Q[11], proc:U3|regn:reg_1|Q[11], proc:U3|regn:reg_2|Q[11],         ;
;                               ;                           ; proc:U3|regn:reg_3|Q[11], proc:U3|regn:reg_4|Q[11], proc:U3|regn:reg_5|Q[11]          ;
; proc:U3|pc_count:reg_pc|Q[10] ; Lost Fanouts              ; proc:U3|regn:reg_0|Q[10], proc:U3|regn:reg_1|Q[10], proc:U3|regn:reg_2|Q[10],         ;
;                               ;                           ; proc:U3|regn:reg_3|Q[10], proc:U3|regn:reg_4|Q[10], proc:U3|regn:reg_5|Q[10]          ;
; proc:U3|pc_count:reg_pc|Q[9]  ; Lost Fanouts              ; proc:U3|regn:reg_0|Q[9], proc:U3|regn:reg_1|Q[9], proc:U3|regn:reg_2|Q[9],            ;
;                               ;                           ; proc:U3|regn:reg_3|Q[9], proc:U3|regn:reg_4|Q[9], proc:U3|regn:reg_5|Q[9]             ;
; proc:U3|pc_count:reg_pc|Q[8]  ; Lost Fanouts              ; proc:U3|regn:reg_0|Q[8], proc:U3|regn:reg_1|Q[8], proc:U3|regn:reg_2|Q[8],            ;
;                               ;                           ; proc:U3|regn:reg_3|Q[8], proc:U3|regn:reg_4|Q[8], proc:U3|regn:reg_5|Q[8]             ;
; proc:U3|Tstep_Q~4             ; Lost Fanouts              ; proc:U3|regn:reg_IR|Q[13], proc:U3|regn:reg_IR|Q[14], proc:U3|regn:reg_IR|Q[15],      ;
;                               ;                           ; proc:U3|Tstep_Q.T3                                                                    ;
; proc:U3|regn:reg_G|Q[0]       ; Stuck at GND              ; proc:U3|regn:reg_IR|Q[12], proc:U3|regn:reg_IR|Q[10], proc:U3|regn:reg_IR|Q[9]        ;
;                               ; due to stuck port data_in ;                                                                                       ;
; proc:U3|Tstep_Q~2             ; Lost Fanouts              ; proc:U3|Tstep_Q.T2, proc:U3|Tstep_Q.T4                                                ;
; proc:U3|Tstep_Q~3             ; Lost Fanouts              ; proc:U3|Tstep_Q.T1                                                                    ;
+-------------------------------+---------------------------+---------------------------------------------------------------------------------------+


+------------------------------------------------------+
; General Register Statistics                          ;
+----------------------------------------------+-------+
; Statistic                                    ; Value ;
+----------------------------------------------+-------+
; Total registers                              ; 2     ;
; Number of registers using Synchronous Clear  ; 2     ;
; Number of registers using Synchronous Load   ; 0     ;
; Number of registers using Asynchronous Clear ; 0     ;
; Number of registers using Asynchronous Load  ; 0     ;
; Number of registers using Clock Enable       ; 0     ;
; Number of registers using Preset             ; 0     ;
+----------------------------------------------+-------+


+---------------------------------------------------------------------------------------------------------------------------------------------------+
; Multiplexer Restructuring Statistics (Restructuring Performed)                                                                                    ;
+--------------------+-----------+---------------+----------------------+------------------------+------------+-------------------------------------+
; Multiplexer Inputs ; Bus Width ; Baseline Area ; Area if Restructured ; Saving if Restructured ; Registered ; Example Multiplexer Output          ;
+--------------------+-----------+---------------+----------------------+------------------------+------------+-------------------------------------+
; 3:1                ; 12 bits   ; 24 LEs        ; 0 LEs                ; 24 LEs                 ; Yes        ; |part3|proc:U3|regn:reg_ADDR|Q[12]  ;
; 3:1                ; 16 bits   ; 32 LEs        ; 0 LEs                ; 32 LEs                 ; Yes        ; |part3|proc:U3|regn:reg_IR|Q[4]     ;
; 3:1                ; 16 bits   ; 32 LEs        ; 0 LEs                ; 32 LEs                 ; Yes        ; |part3|proc:U3|regn:reg_0|Q[11]     ;
; 3:1                ; 16 bits   ; 32 LEs        ; 0 LEs                ; 32 LEs                 ; Yes        ; |part3|proc:U3|regn:reg_1|Q[8]      ;
; 3:1                ; 16 bits   ; 32 LEs        ; 0 LEs                ; 32 LEs                 ; Yes        ; |part3|proc:U3|regn:reg_2|Q[5]      ;
; 3:1                ; 16 bits   ; 32 LEs        ; 0 LEs                ; 32 LEs                 ; Yes        ; |part3|proc:U3|regn:reg_3|Q[3]      ;
; 3:1                ; 16 bits   ; 32 LEs        ; 0 LEs                ; 32 LEs                 ; Yes        ; |part3|proc:U3|regn:reg_4|Q[11]     ;
; 3:1                ; 16 bits   ; 32 LEs        ; 0 LEs                ; 32 LEs                 ; Yes        ; |part3|proc:U3|regn:reg_5|Q[4]      ;
; 3:1                ; 16 bits   ; 32 LEs        ; 0 LEs                ; 32 LEs                 ; Yes        ; |part3|proc:U3|regn:reg_6|Q[2]      ;
; 4:1                ; 16 bits   ; 32 LEs        ; 0 LEs                ; 32 LEs                 ; Yes        ; |part3|proc:U3|pc_count:reg_pc|Q[2] ;
; 11:1               ; 8 bits    ; 56 LEs        ; 56 LEs               ; 0 LEs                  ; No         ; |part3|proc:U3|Mux4                 ;
; 12:1               ; 8 bits    ; 64 LEs        ; 64 LEs               ; 0 LEs                  ; No         ; |part3|proc:U3|Mux14                ;
+--------------------+-----------+---------------+----------------------+------------------------+------------+-------------------------------------+


+---------------------------------------------------------------------------------------------------+
; Source assignments for inst_mem:U4|altsyncram:altsyncram_component|altsyncram_rgj1:auto_generated ;
+---------------------------------+--------------------+------+-------------------------------------+
; Assignment                      ; Value              ; From ; To                                  ;
+---------------------------------+--------------------+------+-------------------------------------+
; OPTIMIZE_POWER_DURING_SYNTHESIS ; NORMAL_COMPILATION ; -    ; -                                   ;
+---------------------------------+--------------------+------+-------------------------------------+


+------------------------------------------------------+
; Parameter Settings for User Entity Instance: proc:U3 ;
+----------------+-------+-----------------------------+
; Parameter Name ; Value ; Type                        ;
+----------------+-------+-----------------------------+
; T0             ; 000   ; Unsigned Binary             ;
; T1             ; 001   ; Unsigned Binary             ;
; T2             ; 010   ; Unsigned Binary             ;
; T3             ; 011   ; Unsigned Binary             ;
; T4             ; 100   ; Unsigned Binary             ;
; T5             ; 101   ; Unsigned Binary             ;
; mv             ; 000   ; Unsigned Binary             ;
; mvt            ; 001   ; Unsigned Binary             ;
; add            ; 010   ; Unsigned Binary             ;
; sub            ; 011   ; Unsigned Binary             ;
; ld             ; 100   ; Unsigned Binary             ;
; st             ; 101   ; Unsigned Binary             ;
; and_           ; 110   ; Unsigned Binary             ;
; _R0            ; 0000  ; Unsigned Binary             ;
; _R1            ; 0001  ; Unsigned Binary             ;
; _R2            ; 0010  ; Unsigned Binary             ;
; _R3            ; 0011  ; Unsigned Binary             ;
; _R4            ; 0100  ; Unsigned Binary             ;
; _R5            ; 0101  ; Unsigned Binary             ;
; _R6            ; 0110  ; Unsigned Binary             ;
; _PC            ; 0111  ; Unsigned Binary             ;
; _G             ; 1000  ; Unsigned Binary             ;
; _IR8_IR8_0     ; 1001  ; Unsigned Binary             ;
; _IR7_0_0       ; 1010  ; Unsigned Binary             ;
; _DIN           ; 1011  ; Unsigned Binary             ;
+----------------+-------+-----------------------------+
Note: In order to hide this table in the UI and the text report file, please set the "Show Parameter Settings in Synthesis Report" option in "Analysis and Synthesis Settings -> More Settings" to "Off".


+-----------------------------------------------------------------+
; Parameter Settings for User Entity Instance: proc:U3|regn:reg_0 ;
+----------------+-------+----------------------------------------+
; Parameter Name ; Value ; Type                                   ;
+----------------+-------+----------------------------------------+
; n              ; 16    ; Signed Integer                         ;
+----------------+-------+----------------------------------------+
Note: In order to hide this table in the UI and the text report file, please set the "Show Parameter Settings in Synthesis Report" option in "Analysis and Synthesis Settings -> More Settings" to "Off".


+-----------------------------------------------------------------+
; Parameter Settings for User Entity Instance: proc:U3|regn:reg_1 ;
+----------------+-------+----------------------------------------+
; Parameter Name ; Value ; Type                                   ;
+----------------+-------+----------------------------------------+
; n              ; 16    ; Signed Integer                         ;
+----------------+-------+----------------------------------------+
Note: In order to hide this table in the UI and the text report file, please set the "Show Parameter Settings in Synthesis Report" option in "Analysis and Synthesis Settings -> More Settings" to "Off".


+-----------------------------------------------------------------+
; Parameter Settings for User Entity Instance: proc:U3|regn:reg_2 ;
+----------------+-------+----------------------------------------+
; Parameter Name ; Value ; Type                                   ;
+----------------+-------+----------------------------------------+
; n              ; 16    ; Signed Integer                         ;
+----------------+-------+----------------------------------------+
Note: In order to hide this table in the UI and the text report file, please set the "Show Parameter Settings in Synthesis Report" option in "Analysis and Synthesis Settings -> More Settings" to "Off".


+-----------------------------------------------------------------+
; Parameter Settings for User Entity Instance: proc:U3|regn:reg_3 ;
+----------------+-------+----------------------------------------+
; Parameter Name ; Value ; Type                                   ;
+----------------+-------+----------------------------------------+
; n              ; 16    ; Signed Integer                         ;
+----------------+-------+----------------------------------------+
Note: In order to hide this table in the UI and the text report file, please set the "Show Parameter Settings in Synthesis Report" option in "Analysis and Synthesis Settings -> More Settings" to "Off".


+-----------------------------------------------------------------+
; Parameter Settings for User Entity Instance: proc:U3|regn:reg_4 ;
+----------------+-------+----------------------------------------+
; Parameter Name ; Value ; Type                                   ;
+----------------+-------+----------------------------------------+
; n              ; 16    ; Signed Integer                         ;
+----------------+-------+----------------------------------------+
Note: In order to hide this table in the UI and the text report file, please set the "Show Parameter Settings in Synthesis Report" option in "Analysis and Synthesis Settings -> More Settings" to "Off".


+-----------------------------------------------------------------+
; Parameter Settings for User Entity Instance: proc:U3|regn:reg_5 ;
+----------------+-------+----------------------------------------+
; Parameter Name ; Value ; Type                                   ;
+----------------+-------+----------------------------------------+
; n              ; 16    ; Signed Integer                         ;
+----------------+-------+----------------------------------------+
Note: In order to hide this table in the UI and the text report file, please set the "Show Parameter Settings in Synthesis Report" option in "Analysis and Synthesis Settings -> More Settings" to "Off".


+-----------------------------------------------------------------+
; Parameter Settings for User Entity Instance: proc:U3|regn:reg_6 ;
+----------------+-------+----------------------------------------+
; Parameter Name ; Value ; Type                                   ;
+----------------+-------+----------------------------------------+
; n              ; 16    ; Signed Integer                         ;
+----------------+-------+----------------------------------------+
Note: In order to hide this table in the UI and the text report file, please set the "Show Parameter Settings in Synthesis Report" option in "Analysis and Synthesis Settings -> More Settings" to "Off".


+-----------------------------------------------------------------+
; Parameter Settings for User Entity Instance: proc:U3|regn:reg_A ;
+----------------+-------+----------------------------------------+
; Parameter Name ; Value ; Type                                   ;
+----------------+-------+----------------------------------------+
; n              ; 16    ; Signed Integer                         ;
+----------------+-------+----------------------------------------+
Note: In order to hide this table in the UI and the text report file, please set the "Show Parameter Settings in Synthesis Report" option in "Analysis and Synthesis Settings -> More Settings" to "Off".


+--------------------------------------------------------------------+
; Parameter Settings for User Entity Instance: proc:U3|regn:reg_DOUT ;
+----------------+-------+-------------------------------------------+
; Parameter Name ; Value ; Type                                      ;
+----------------+-------+-------------------------------------------+
; n              ; 16    ; Signed Integer                            ;
+----------------+-------+-------------------------------------------+
Note: In order to hide this table in the UI and the text report file, please set the "Show Parameter Settings in Synthesis Report" option in "Analysis and Synthesis Settings -> More Settings" to "Off".


+--------------------------------------------------------------------+
; Parameter Settings for User Entity Instance: proc:U3|regn:reg_ADDR ;
+----------------+-------+-------------------------------------------+
; Parameter Name ; Value ; Type                                      ;
+----------------+-------+-------------------------------------------+
; n              ; 16    ; Signed Integer                            ;
+----------------+-------+-------------------------------------------+
Note: In order to hide this table in the UI and the text report file, please set the "Show Parameter Settings in Synthesis Report" option in "Analysis and Synthesis Settings -> More Settings" to "Off".


+------------------------------------------------------------------+
; Parameter Settings for User Entity Instance: proc:U3|regn:reg_IR ;
+----------------+-------+-----------------------------------------+
; Parameter Name ; Value ; Type                                    ;
+----------------+-------+-----------------------------------------+
; n              ; 16    ; Signed Integer                          ;
+----------------+-------+-----------------------------------------+
Note: In order to hide this table in the UI and the text report file, please set the "Show Parameter Settings in Synthesis Report" option in "Analysis and Synthesis Settings -> More Settings" to "Off".


+-----------------------------------------------------------------+
; Parameter Settings for User Entity Instance: proc:U3|regn:reg_G ;
+----------------+-------+----------------------------------------+
; Parameter Name ; Value ; Type                                   ;
+----------------+-------+----------------------------------------+
; n              ; 16    ; Signed Integer                         ;
+----------------+-------+----------------------------------------+
Note: In order to hide this table in the UI and the text report file, please set the "Show Parameter Settings in Synthesis Report" option in "Analysis and Synthesis Settings -> More Settings" to "Off".


+------------------------------------------------------------------------------------------+
; Parameter Settings for User Entity Instance: inst_mem:U4|altsyncram:altsyncram_component ;
+------------------------------------+----------------------+------------------------------+
; Parameter Name                     ; Value                ; Type                         ;
+------------------------------------+----------------------+------------------------------+
; BYTE_SIZE_BLOCK                    ; 8                    ; Untyped                      ;
; AUTO_CARRY_CHAINS                  ; ON                   ; AUTO_CARRY                   ;
; IGNORE_CARRY_BUFFERS               ; OFF                  ; IGNORE_CARRY                 ;
; AUTO_CASCADE_CHAINS                ; ON                   ; AUTO_CASCADE                 ;
; IGNORE_CASCADE_BUFFERS             ; OFF                  ; IGNORE_CASCADE               ;
; WIDTH_BYTEENA                      ; 1                    ; Untyped                      ;
; OPERATION_MODE                     ; SINGLE_PORT          ; Untyped                      ;
; WIDTH_A                            ; 16                   ; Signed Integer               ;
; WIDTHAD_A                          ; 8                    ; Signed Integer               ;
; NUMWORDS_A                         ; 256                  ; Signed Integer               ;
; OUTDATA_REG_A                      ; UNREGISTERED         ; Untyped                      ;
; ADDRESS_ACLR_A                     ; NONE                 ; Untyped                      ;
; OUTDATA_ACLR_A                     ; NONE                 ; Untyped                      ;
; WRCONTROL_ACLR_A                   ; NONE                 ; Untyped                      ;
; INDATA_ACLR_A                      ; NONE                 ; Untyped                      ;
; BYTEENA_ACLR_A                     ; NONE                 ; Untyped                      ;
; WIDTH_B                            ; 1                    ; Untyped                      ;
; WIDTHAD_B                          ; 1                    ; Untyped                      ;
; NUMWORDS_B                         ; 1                    ; Untyped                      ;
; INDATA_REG_B                       ; CLOCK1               ; Untyped                      ;
; WRCONTROL_WRADDRESS_REG_B          ; CLOCK1               ; Untyped                      ;
; RDCONTROL_REG_B                    ; CLOCK1               ; Untyped                      ;
; ADDRESS_REG_B                      ; CLOCK1               ; Untyped                      ;
; OUTDATA_REG_B                      ; UNREGISTERED         ; Untyped                      ;
; BYTEENA_REG_B                      ; CLOCK1               ; Untyped                      ;
; INDATA_ACLR_B                      ; NONE                 ; Untyped                      ;
; WRCONTROL_ACLR_B                   ; NONE                 ; Untyped                      ;
; ADDRESS_ACLR_B                     ; NONE                 ; Untyped                      ;
; OUTDATA_ACLR_B                     ; NONE                 ; Untyped                      ;
; RDCONTROL_ACLR_B                   ; NONE                 ; Untyped                      ;
; BYTEENA_ACLR_B                     ; NONE                 ; Untyped                      ;
; WIDTH_BYTEENA_A                    ; 1                    ; Signed Integer               ;
; WIDTH_BYTEENA_B                    ; 1                    ; Untyped                      ;
; RAM_BLOCK_TYPE                     ; AUTO                 ; Untyped                      ;
; BYTE_SIZE                          ; 8                    ; Untyped                      ;
; READ_DURING_WRITE_MODE_MIXED_PORTS ; DONT_CARE            ; Untyped                      ;
; READ_DURING_WRITE_MODE_PORT_A      ; NEW_DATA_NO_NBE_READ ; Untyped                      ;
; READ_DURING_WRITE_MODE_PORT_B      ; NEW_DATA_NO_NBE_READ ; Untyped                      ;
; INIT_FILE                          ; inst_mem.mif         ; Untyped                      ;
; INIT_FILE_LAYOUT                   ; PORT_A               ; Untyped                      ;
; MAXIMUM_DEPTH                      ; 0                    ; Untyped                      ;
; CLOCK_ENABLE_INPUT_A               ; BYPASS               ; Untyped                      ;
; CLOCK_ENABLE_INPUT_B               ; NORMAL               ; Untyped                      ;
; CLOCK_ENABLE_OUTPUT_A              ; BYPASS               ; Untyped                      ;
; CLOCK_ENABLE_OUTPUT_B              ; NORMAL               ; Untyped                      ;
; CLOCK_ENABLE_CORE_A                ; USE_INPUT_CLKEN      ; Untyped                      ;
; CLOCK_ENABLE_CORE_B                ; USE_INPUT_CLKEN      ; Untyped                      ;
; ENABLE_ECC                         ; FALSE                ; Untyped                      ;
; ECC_PIPELINE_STAGE_ENABLED         ; FALSE                ; Untyped                      ;
; WIDTH_ECCSTATUS                    ; 3                    ; Untyped                      ;
; DEVICE_FAMILY                      ; Cyclone V            ; Untyped                      ;
; CBXI_PARAMETER                     ; altsyncram_rgj1      ; Untyped                      ;
+------------------------------------+----------------------+------------------------------+
Note: In order to hide this table in the UI and the text report file, please set the "Show Parameter Settings in Synthesis Report" option in "Analysis and Synthesis Settings -> More Settings" to "Off".


+------------------------------------------------------+
; Parameter Settings for User Entity Instance: regn:U5 ;
+----------------+-------+-----------------------------+
; Parameter Name ; Value ; Type                        ;
+----------------+-------+-----------------------------+
; n              ; 9     ; Signed Integer              ;
+----------------+-------+-----------------------------+
Note: In order to hide this table in the UI and the text report file, please set the "Show Parameter Settings in Synthesis Report" option in "Analysis and Synthesis Settings -> More Settings" to "Off".


+------------------------------------------------------+
; Parameter Settings for User Entity Instance: regn:U7 ;
+----------------+-------+-----------------------------+
; Parameter Name ; Value ; Type                        ;
+----------------+-------+-----------------------------+
; n              ; 9     ; Signed Integer              ;
+----------------+-------+-----------------------------+
Note: In order to hide this table in the UI and the text report file, please set the "Show Parameter Settings in Synthesis Report" option in "Analysis and Synthesis Settings -> More Settings" to "Off".


+-----------------------------------------------------------------------------------------+
; altsyncram Parameter Settings by Entity Instance                                        ;
+-------------------------------------------+---------------------------------------------+
; Name                                      ; Value                                       ;
+-------------------------------------------+---------------------------------------------+
; Number of entity instances                ; 1                                           ;
; Entity Instance                           ; inst_mem:U4|altsyncram:altsyncram_component ;
;     -- OPERATION_MODE                     ; SINGLE_PORT                                 ;
;     -- WIDTH_A                            ; 16                                          ;
;     -- NUMWORDS_A                         ; 256                                         ;
;     -- OUTDATA_REG_A                      ; UNREGISTERED                                ;
;     -- WIDTH_B                            ; 1                                           ;
;     -- NUMWORDS_B                         ; 1                                           ;
;     -- ADDRESS_REG_B                      ; CLOCK1                                      ;
;     -- OUTDATA_REG_B                      ; UNREGISTERED                                ;
;     -- RAM_BLOCK_TYPE                     ; AUTO                                        ;
;     -- READ_DURING_WRITE_MODE_MIXED_PORTS ; DONT_CARE                                   ;
+-------------------------------------------+---------------------------------------------+


+----------------------------------------+
; Port Connectivity Checks: "regn:U7"    ;
+------+-------+----------+--------------+
; Port ; Type  ; Severity ; Details      ;
+------+-------+----------+--------------+
; E    ; Input ; Info     ; Stuck at VCC ;
+------+-------+----------+--------------+


+------------------------------------------------+
; Port Connectivity Checks: "proc:U3|regn:reg_G" ;
+------+-------+----------+----------------------+
; Port ; Type  ; Severity ; Details              ;
+------+-------+----------+----------------------+
; E    ; Input ; Info     ; Stuck at GND         ;
+------+-------+----------+----------------------+


+----------------------------------------------------+
; Port Connectivity Checks: "proc:U3|flipflop:reg_W" ;
+------+-------+----------+--------------------------+
; Port ; Type  ; Severity ; Details                  ;
+------+-------+----------+--------------------------+
; D    ; Input ; Info     ; Stuck at GND             ;
+------+-------+----------+--------------------------+


+---------------------------------------------------+
; Port Connectivity Checks: "proc:U3|regn:reg_DOUT" ;
+------+-------+----------+-------------------------+
; Port ; Type  ; Severity ; Details                 ;
+------+-------+----------+-------------------------+
; E    ; Input ; Info     ; Stuck at GND            ;
+------+-------+----------+-------------------------+


+------------------------------------------------+
; Port Connectivity Checks: "proc:U3|regn:reg_A" ;
+------+-------+----------+----------------------+
; Port ; Type  ; Severity ; Details              ;
+------+-------+----------+----------------------+
; E    ; Input ; Info     ; Stuck at GND         ;
+------+-------+----------+----------------------+


+-----------------------------------------------------------------------------------------------------------------------+
; Port Connectivity Checks: "proc:U3"                                                                                   ;
+-------------+--------+----------+-------------------------------------------------------------------------------------+
; Port        ; Type   ; Severity ; Details                                                                             ;
+-------------+--------+----------+-------------------------------------------------------------------------------------+
; ADDR[11..8] ; Output ; Info     ; Connected to dangling logic. Logic that only feeds a dangling port will be removed. ;
+-------------+--------+----------+-------------------------------------------------------------------------------------+


+-----------------------------------------------------+
; Post-Synthesis Netlist Statistics for Top Partition ;
+-----------------------+-----------------------------+
; Type                  ; Count                       ;
+-----------------------+-----------------------------+
; arriav_ff             ; 2                           ;
;     SCLR              ; 2                           ;
; arriav_lcell_comb     ; 1                           ;
;     normal            ; 1                           ;
;         0 data inputs ; 1                           ;
; boundary_port         ; 22                          ;
;                       ;                             ;
; Max LUT depth         ; 0.00                        ;
; Average LUT depth     ; 0.00                        ;
+-----------------------+-----------------------------+


+-------------------------------+
; Elapsed Time Per Partition    ;
+----------------+--------------+
; Partition Name ; Elapsed Time ;
+----------------+--------------+
; Top            ; 00:00:00     ;
+----------------+--------------+


+-------------------------------+
; Analysis & Synthesis Messages ;
+-------------------------------+
Info: *******************************************************************
Info: Running Quartus Prime Analysis & Synthesis
    Info: Version 18.0.0 Build 614 04/24/2018 SJ Lite Edition
    Info: Processing started: Sun Mar 26 18:42:04 2023
Info: Command: quartus_map --read_settings_files=on --write_settings_files=off part3 -c part3
Warning (18236): Number of processors has not been specified which may cause overloading on shared machines.  Set the global assignment NUM_PARALLEL_PROCESSORS in your QSF to an appropriate value for best performance.
Info (20030): Parallel compilation is enabled and will use 4 of the 4 processors detected
Info (12021): Found 1 design units, including 1 entities, in source file part3.v
    Info (12023): Found entity 1: part3 File: C:/Users/yuans/Desktop/ECE243/lab8/lab8/Design_Files/part3.Verilog/part3.v Line: 3
Info (12021): Found 1 design units, including 1 entities, in source file flipflop.v
    Info (12023): Found entity 1: flipflop File: C:/Users/yuans/Desktop/ECE243/lab8/lab8/Design_Files/part3.Verilog/flipflop.v Line: 1
Info (12021): Found 4 design units, including 4 entities, in source file proc.v
    Info (12023): Found entity 1: proc File: C:/Users/yuans/Desktop/ECE243/lab8/lab8/Design_Files/part3.Verilog/proc.v Line: 1
    Info (12023): Found entity 2: pc_count File: C:/Users/yuans/Desktop/ECE243/lab8/lab8/Design_Files/part3.Verilog/proc.v Line: 199
    Info (12023): Found entity 3: dec3to8 File: C:/Users/yuans/Desktop/ECE243/lab8/lab8/Design_Files/part3.Verilog/proc.v Line: 214
    Info (12023): Found entity 4: regn File: C:/Users/yuans/Desktop/ECE243/lab8/lab8/Design_Files/part3.Verilog/proc.v Line: 236
Warning (12019): Can't analyze file -- file seg7_scroll.v is missing
Info (12021): Found 1 design units, including 1 entities, in source file inst_mem.v
    Info (12023): Found entity 1: inst_mem File: C:/Users/yuans/Desktop/ECE243/lab8/lab8/Design_Files/part3.Verilog/inst_mem.v Line: 39
Info (12127): Elaborating entity "part3" for the top level hierarchy
Info (12128): Elaborating entity "flipflop" for hierarchy "flipflop:U1" File: C:/Users/yuans/Desktop/ECE243/lab8/lab8/Design_Files/part3.Verilog/part3.v Line: 17
Info (12128): Elaborating entity "proc" for hierarchy "proc:U3" File: C:/Users/yuans/Desktop/ECE243/lab8/lab8/Design_Files/part3.Verilog/part3.v Line: 21
Info (12128): Elaborating entity "dec3to8" for hierarchy "proc:U3|dec3to8:decX" File: C:/Users/yuans/Desktop/ECE243/lab8/lab8/Design_Files/part3.Verilog/proc.v Line: 27
Info (12128): Elaborating entity "regn" for hierarchy "proc:U3|regn:reg_0" File: C:/Users/yuans/Desktop/ECE243/lab8/lab8/Design_Files/part3.Verilog/proc.v Line: 150
Info (12128): Elaborating entity "pc_count" for hierarchy "proc:U3|pc_count:reg_pc" File: C:/Users/yuans/Desktop/ECE243/lab8/lab8/Design_Files/part3.Verilog/proc.v Line: 160
Info (12128): Elaborating entity "inst_mem" for hierarchy "inst_mem:U4" File: C:/Users/yuans/Desktop/ECE243/lab8/lab8/Design_Files/part3.Verilog/part3.v Line: 27
Info (12128): Elaborating entity "altsyncram" for hierarchy "inst_mem:U4|altsyncram:altsyncram_component" File: C:/Users/yuans/Desktop/ECE243/lab8/lab8/Design_Files/part3.Verilog/inst_mem.v Line: 85
Info (12130): Elaborated megafunction instantiation "inst_mem:U4|altsyncram:altsyncram_component" File: C:/Users/yuans/Desktop/ECE243/lab8/lab8/Design_Files/part3.Verilog/inst_mem.v Line: 85
Info (12133): Instantiated megafunction "inst_mem:U4|altsyncram:altsyncram_component" with the following parameter: File: C:/Users/yuans/Desktop/ECE243/lab8/lab8/Design_Files/part3.Verilog/inst_mem.v Line: 85
    Info (12134): Parameter "clock_enable_input_a" = "BYPASS"
    Info (12134): Parameter "clock_enable_output_a" = "BYPASS"
    Info (12134): Parameter "init_file" = "inst_mem.mif"
    Info (12134): Parameter "intended_device_family" = "Cyclone II"
    Info (12134): Parameter "lpm_hint" = "ENABLE_RUNTIME_MOD=NO"
    Info (12134): Parameter "lpm_type" = "altsyncram"
    Info (12134): Parameter "numwords_a" = "256"
    Info (12134): Parameter "operation_mode" = "SINGLE_PORT"
    Info (12134): Parameter "outdata_aclr_a" = "NONE"
    Info (12134): Parameter "outdata_reg_a" = "UNREGISTERED"
    Info (12134): Parameter "power_up_uninitialized" = "FALSE"
    Info (12134): Parameter "widthad_a" = "8"
    Info (12134): Parameter "width_a" = "16"
    Info (12134): Parameter "width_byteena_a" = "1"
Info (12021): Found 1 design units, including 1 entities, in source file db/altsyncram_rgj1.tdf
    Info (12023): Found entity 1: altsyncram_rgj1 File: C:/Users/yuans/Desktop/ECE243/lab8/lab8/Design_Files/part3.Verilog/db/altsyncram_rgj1.tdf Line: 27
Info (12128): Elaborating entity "altsyncram_rgj1" for hierarchy "inst_mem:U4|altsyncram:altsyncram_component|altsyncram_rgj1:auto_generated" File: c:/intelfpga_lite/18.0/quartus/libraries/megafunctions/altsyncram.tdf Line: 791
Warning (113028): 251 out of 256 addresses are uninitialized. The Quartus Prime software will initialize them to "0". There are 1 warnings found, and 1 warnings are reported. File: C:/Users/yuans/Desktop/ECE243/lab8/lab8/Design_Files/part3.Verilog/inst_mem.mif Line: 1
    Warning (113027): Addresses ranging from 5 to 255 are not initialized File: C:/Users/yuans/Desktop/ECE243/lab8/lab8/Design_Files/part3.Verilog/inst_mem.mif Line: 1
Info (12128): Elaborating entity "regn" for hierarchy "regn:U5" File: C:/Users/yuans/Desktop/ECE243/lab8/lab8/Design_Files/part3.Verilog/part3.v Line: 38
Warning (14284): Synthesized away the following node(s):
    Warning (14285): Synthesized away the following RAM node(s):
        Warning (14320): Synthesized away node "inst_mem:U4|altsyncram:altsyncram_component|altsyncram_rgj1:auto_generated|q_a[13]" File: C:/Users/yuans/Desktop/ECE243/lab8/lab8/Design_Files/part3.Verilog/db/altsyncram_rgj1.tdf Line: 348
        Warning (14320): Synthesized away node "inst_mem:U4|altsyncram:altsyncram_component|altsyncram_rgj1:auto_generated|q_a[14]" File: C:/Users/yuans/Desktop/ECE243/lab8/lab8/Design_Files/part3.Verilog/db/altsyncram_rgj1.tdf Line: 372
        Warning (14320): Synthesized away node "inst_mem:U4|altsyncram:altsyncram_component|altsyncram_rgj1:auto_generated|q_a[15]" File: C:/Users/yuans/Desktop/ECE243/lab8/lab8/Design_Files/part3.Verilog/db/altsyncram_rgj1.tdf Line: 396
        Warning (14320): Synthesized away node "inst_mem:U4|altsyncram:altsyncram_component|altsyncram_rgj1:auto_generated|q_a[12]" File: C:/Users/yuans/Desktop/ECE243/lab8/lab8/Design_Files/part3.Verilog/db/altsyncram_rgj1.tdf Line: 324
        Warning (14320): Synthesized away node "inst_mem:U4|altsyncram:altsyncram_component|altsyncram_rgj1:auto_generated|q_a[2]" File: C:/Users/yuans/Desktop/ECE243/lab8/lab8/Design_Files/part3.Verilog/db/altsyncram_rgj1.tdf Line: 84
        Warning (14320): Synthesized away node "inst_mem:U4|altsyncram:altsyncram_component|altsyncram_rgj1:auto_generated|q_a[0]" File: C:/Users/yuans/Desktop/ECE243/lab8/lab8/Design_Files/part3.Verilog/db/altsyncram_rgj1.tdf Line: 36
        Warning (14320): Synthesized away node "inst_mem:U4|altsyncram:altsyncram_component|altsyncram_rgj1:auto_generated|q_a[1]" File: C:/Users/yuans/Desktop/ECE243/lab8/lab8/Design_Files/part3.Verilog/db/altsyncram_rgj1.tdf Line: 60
        Warning (14320): Synthesized away node "inst_mem:U4|altsyncram:altsyncram_component|altsyncram_rgj1:auto_generated|q_a[8]" File: C:/Users/yuans/Desktop/ECE243/lab8/lab8/Design_Files/part3.Verilog/db/altsyncram_rgj1.tdf Line: 228
        Warning (14320): Synthesized away node "inst_mem:U4|altsyncram:altsyncram_component|altsyncram_rgj1:auto_generated|q_a[3]" File: C:/Users/yuans/Desktop/ECE243/lab8/lab8/Design_Files/part3.Verilog/db/altsyncram_rgj1.tdf Line: 108
        Warning (14320): Synthesized away node "inst_mem:U4|altsyncram:altsyncram_component|altsyncram_rgj1:auto_generated|q_a[4]" File: C:/Users/yuans/Desktop/ECE243/lab8/lab8/Design_Files/part3.Verilog/db/altsyncram_rgj1.tdf Line: 132
        Warning (14320): Synthesized away node "inst_mem:U4|altsyncram:altsyncram_component|altsyncram_rgj1:auto_generated|q_a[5]" File: C:/Users/yuans/Desktop/ECE243/lab8/lab8/Design_Files/part3.Verilog/db/altsyncram_rgj1.tdf Line: 156
        Warning (14320): Synthesized away node "inst_mem:U4|altsyncram:altsyncram_component|altsyncram_rgj1:auto_generated|q_a[6]" File: C:/Users/yuans/Desktop/ECE243/lab8/lab8/Design_Files/part3.Verilog/db/altsyncram_rgj1.tdf Line: 180
        Warning (14320): Synthesized away node "inst_mem:U4|altsyncram:altsyncram_component|altsyncram_rgj1:auto_generated|q_a[7]" File: C:/Users/yuans/Desktop/ECE243/lab8/lab8/Design_Files/part3.Verilog/db/altsyncram_rgj1.tdf Line: 204
        Warning (14320): Synthesized away node "inst_mem:U4|altsyncram:altsyncram_component|altsyncram_rgj1:auto_generated|q_a[11]" File: C:/Users/yuans/Desktop/ECE243/lab8/lab8/Design_Files/part3.Verilog/db/altsyncram_rgj1.tdf Line: 300
        Warning (14320): Synthesized away node "inst_mem:U4|altsyncram:altsyncram_component|altsyncram_rgj1:auto_generated|q_a[10]" File: C:/Users/yuans/Desktop/ECE243/lab8/lab8/Design_Files/part3.Verilog/db/altsyncram_rgj1.tdf Line: 276
        Warning (14320): Synthesized away node "inst_mem:U4|altsyncram:altsyncram_component|altsyncram_rgj1:auto_generated|q_a[9]" File: C:/Users/yuans/Desktop/ECE243/lab8/lab8/Design_Files/part3.Verilog/db/altsyncram_rgj1.tdf Line: 252
Warning (13024): Output pins are stuck at VCC or GND
    Warning (13410): Pin "LEDR[0]" is stuck at GND File: C:/Users/yuans/Desktop/ECE243/lab8/lab8/Design_Files/part3.Verilog/part3.v Line: 7
    Warning (13410): Pin "LEDR[1]" is stuck at GND File: C:/Users/yuans/Desktop/ECE243/lab8/lab8/Design_Files/part3.Verilog/part3.v Line: 7
    Warning (13410): Pin "LEDR[2]" is stuck at GND File: C:/Users/yuans/Desktop/ECE243/lab8/lab8/Design_Files/part3.Verilog/part3.v Line: 7
    Warning (13410): Pin "LEDR[3]" is stuck at GND File: C:/Users/yuans/Desktop/ECE243/lab8/lab8/Design_Files/part3.Verilog/part3.v Line: 7
    Warning (13410): Pin "LEDR[4]" is stuck at GND File: C:/Users/yuans/Desktop/ECE243/lab8/lab8/Design_Files/part3.Verilog/part3.v Line: 7
    Warning (13410): Pin "LEDR[5]" is stuck at GND File: C:/Users/yuans/Desktop/ECE243/lab8/lab8/Design_Files/part3.Verilog/part3.v Line: 7
    Warning (13410): Pin "LEDR[6]" is stuck at GND File: C:/Users/yuans/Desktop/ECE243/lab8/lab8/Design_Files/part3.Verilog/part3.v Line: 7
    Warning (13410): Pin "LEDR[7]" is stuck at GND File: C:/Users/yuans/Desktop/ECE243/lab8/lab8/Design_Files/part3.Verilog/part3.v Line: 7
    Warning (13410): Pin "LEDR[8]" is stuck at GND File: C:/Users/yuans/Desktop/ECE243/lab8/lab8/Design_Files/part3.Verilog/part3.v Line: 7
Info (17049): 190 registers lost all their fanouts during netlist optimizations.
Info (144001): Generated suppressed messages file C:/Users/yuans/Desktop/ECE243/lab8/lab8/Design_Files/part3.Verilog/part3.map.smsg
Info (16010): Generating hard_block partition "hard_block:auto_generated_inst"
    Info (16011): Adding 0 node(s), including 0 DDIO, 0 PLL, 0 transceiver and 0 LCELL
Warning (21074): Design contains 9 input pin(s) that do not drive logic
    Warning (15610): No output dependent on input pin "SW[2]" File: C:/Users/yuans/Desktop/ECE243/lab8/lab8/Design_Files/part3.Verilog/part3.v Line: 5
    Warning (15610): No output dependent on input pin "SW[0]" File: C:/Users/yuans/Desktop/ECE243/lab8/lab8/Design_Files/part3.Verilog/part3.v Line: 5
    Warning (15610): No output dependent on input pin "SW[1]" File: C:/Users/yuans/Desktop/ECE243/lab8/lab8/Design_Files/part3.Verilog/part3.v Line: 5
    Warning (15610): No output dependent on input pin "SW[8]" File: C:/Users/yuans/Desktop/ECE243/lab8/lab8/Design_Files/part3.Verilog/part3.v Line: 5
    Warning (15610): No output dependent on input pin "SW[3]" File: C:/Users/yuans/Desktop/ECE243/lab8/lab8/Design_Files/part3.Verilog/part3.v Line: 5
    Warning (15610): No output dependent on input pin "SW[4]" File: C:/Users/yuans/Desktop/ECE243/lab8/lab8/Design_Files/part3.Verilog/part3.v Line: 5
    Warning (15610): No output dependent on input pin "SW[5]" File: C:/Users/yuans/Desktop/ECE243/lab8/lab8/Design_Files/part3.Verilog/part3.v Line: 5
    Warning (15610): No output dependent on input pin "SW[6]" File: C:/Users/yuans/Desktop/ECE243/lab8/lab8/Design_Files/part3.Verilog/part3.v Line: 5
    Warning (15610): No output dependent on input pin "SW[7]" File: C:/Users/yuans/Desktop/ECE243/lab8/lab8/Design_Files/part3.Verilog/part3.v Line: 5
Info (21057): Implemented 24 device resources after synthesis - the final resource count might be different
    Info (21058): Implemented 12 input pins
    Info (21059): Implemented 10 output pins
    Info (21061): Implemented 2 logic cells
Info: Quartus Prime Analysis & Synthesis was successful. 0 errors, 42 warnings
    Info: Peak virtual memory: 4820 megabytes
    Info: Processing ended: Sun Mar 26 18:42:13 2023
    Info: Elapsed time: 00:00:09
    Info: Total CPU time (on all processors): 00:00:05


+------------------------------------------+
; Analysis & Synthesis Suppressed Messages ;
+------------------------------------------+
The suppressed messages can be found in C:/Users/yuans/Desktop/ECE243/lab8/lab8/Design_Files/part3.Verilog/part3.map.smsg.


